{"uid":"1ef55fc732d729c1","name":"Delete booking","fullName":"RestfulBookerTests/Features/Booking Management - Happy Paths/Delete booking","historyId":"790245caa0eff1ef9a7539764354c45b","time":{"start":1756645232799,"stop":1756645233208,"duration":409},"status":"failed","statusMessage":"  Expected status code 204, but got 201\nAssert.That((int)actual, Is.EqualTo(expected))\n  Expected: 204\n  But was:  201\n","statusTrace":"NUnit.Framework.AssertionException:   Expected status code 204, but got 201\nAssert.That((int)actual, Is.EqualTo(expected))\n  Expected: 204\n  But was:  201\n\n   at NUnit.Framework.Assert.ReportFailure(String message)\n   at NUnit.Framework.Assert.ReportFailure(ConstraintResult result, String message, String actualExpression, String constraintExpression)\n   at NUnit.Framework.Assert.That[TActual](TActual actual, IResolveConstraint expression, FormattableString message, String actualExpression, String constraintExpression)\n   at RestfulBookerTests.Helpers.AssertionHelper.AssertStatusCode(HttpStatusCode actual, Int32 expected) in /home/runner/work/RestfulBookerTests/RestfulBookerTests/Helpers/AssertionHelper.cs:line 11\n   at InvokeStub_Action`2.Invoke(Object, Span`1)\n   at System.Reflection.MethodBaseInvoker.InvokeWithFewArgs(Object obj, BindingFlags invokeAttr, Binder binder, Object[] parameters, CultureInfo culture)\n--- End of stack trace from previous location ---\n   at Reqnroll.Bindings.BindingInvoker.InvokeBindingAsync(IBinding binding, IContextManager contextManager, Object[] arguments, ITestTracer testTracer, DurationHolder durationHolder)\n   at Reqnroll.Infrastructure.TestExecutionEngine.ExecuteStepMatchAsync(BindingMatch match, Object[] arguments, DurationHolder durationHolder)\n   at Reqnroll.Infrastructure.TestExecutionEngine.ExecuteStepAsync(IContextManager contextManager, StepInstance stepInstance)\n   at Reqnroll.Infrastructure.TestExecutionEngine.OnAfterLastStepAsync()\n   at Reqnroll.TestRunner.CollectScenarioErrorsAsync()\n   at Allure.ReqnrollPlugin.SelectiveRun.TestPlanAwareTestRunner.CollectScenarioErrorsAsync()\n   at RestfulBookerTests.Features.BookingManagement_HappyPathsFeature.ScenarioCleanupAsync()\n   at RestfulBookerTests.Features.BookingManagement_HappyPathsFeature.DeleteBooking() in /home/runner/work/RestfulBookerTests/RestfulBookerTests/Features/BookingHappyPaths.feature:line 36\n   at NUnit.Framework.Internal.TaskAwaitAdapter.GenericAdapter`1.BlockUntilCompleted()\n   at NUnit.Framework.Internal.MessagePumpStrategy.NoMessagePumpStrategy.WaitForCompletion(AwaitAdapter awaiter)\n   at NUnit.Framework.Internal.AsyncToSyncAdapter.Await[TResult](Func`1 invoke)\n   at NUnit.Framework.Internal.AsyncToSyncAdapter.Await(Func`1 invoke)\n   at NUnit.Framework.Internal.Commands.TestMethodCommand.RunTestMethod(TestExecutionContext context)\n   at NUnit.Framework.Internal.Commands.TestMethodCommand.Execute(TestExecutionContext context)\n   at NUnit.Framework.Internal.Commands.BeforeAndAfterTestCommand.<>c__DisplayClass1_0.<Execute>b__0()\n   at NUnit.Framework.Internal.Commands.DelegatingTestCommand.RunTestMethodInThreadAbortSafeZone(TestExecutionContext context, Action action)","flaky":false,"newFailed":false,"newBroken":false,"newPassed":false,"retriesCount":0,"retriesStatusChange":false,"beforeStages":[{"name":"TestHooks.BeforeScenario()","time":{"start":1756645232797,"stop":1756645232799,"duration":2},"status":"passed","steps":[],"attachments":[],"parameters":[],"shouldDisplayMessage":false,"stepsCount":0,"attachmentsCount":0,"hasContent":false}],"testStage":{"status":"failed","statusMessage":"  Expected status code 204, but got 201\nAssert.That((int)actual, Is.EqualTo(expected))\n  Expected: 204\n  But was:  201\n","statusTrace":"NUnit.Framework.AssertionException:   Expected status code 204, but got 201\nAssert.That((int)actual, Is.EqualTo(expected))\n  Expected: 204\n  But was:  201\n\n   at NUnit.Framework.Assert.ReportFailure(String message)\n   at NUnit.Framework.Assert.ReportFailure(ConstraintResult result, String message, String actualExpression, String constraintExpression)\n   at NUnit.Framework.Assert.That[TActual](TActual actual, IResolveConstraint expression, FormattableString message, String actualExpression, String constraintExpression)\n   at RestfulBookerTests.Helpers.AssertionHelper.AssertStatusCode(HttpStatusCode actual, Int32 expected) in /home/runner/work/RestfulBookerTests/RestfulBookerTests/Helpers/AssertionHelper.cs:line 11\n   at InvokeStub_Action`2.Invoke(Object, Span`1)\n   at System.Reflection.MethodBaseInvoker.InvokeWithFewArgs(Object obj, BindingFlags invokeAttr, Binder binder, Object[] parameters, CultureInfo culture)\n--- End of stack trace from previous location ---\n   at Reqnroll.Bindings.BindingInvoker.InvokeBindingAsync(IBinding binding, IContextManager contextManager, Object[] arguments, ITestTracer testTracer, DurationHolder durationHolder)\n   at Reqnroll.Infrastructure.TestExecutionEngine.ExecuteStepMatchAsync(BindingMatch match, Object[] arguments, DurationHolder durationHolder)\n   at Reqnroll.Infrastructure.TestExecutionEngine.ExecuteStepAsync(IContextManager contextManager, StepInstance stepInstance)\n   at Reqnroll.Infrastructure.TestExecutionEngine.OnAfterLastStepAsync()\n   at Reqnroll.TestRunner.CollectScenarioErrorsAsync()\n   at Allure.ReqnrollPlugin.SelectiveRun.TestPlanAwareTestRunner.CollectScenarioErrorsAsync()\n   at RestfulBookerTests.Features.BookingManagement_HappyPathsFeature.ScenarioCleanupAsync()\n   at RestfulBookerTests.Features.BookingManagement_HappyPathsFeature.DeleteBooking() in /home/runner/work/RestfulBookerTests/RestfulBookerTests/Features/BookingHappyPaths.feature:line 36\n   at NUnit.Framework.Internal.TaskAwaitAdapter.GenericAdapter`1.BlockUntilCompleted()\n   at NUnit.Framework.Internal.MessagePumpStrategy.NoMessagePumpStrategy.WaitForCompletion(AwaitAdapter awaiter)\n   at NUnit.Framework.Internal.AsyncToSyncAdapter.Await[TResult](Func`1 invoke)\n   at NUnit.Framework.Internal.AsyncToSyncAdapter.Await(Func`1 invoke)\n   at NUnit.Framework.Internal.Commands.TestMethodCommand.RunTestMethod(TestExecutionContext context)\n   at NUnit.Framework.Internal.Commands.TestMethodCommand.Execute(TestExecutionContext context)\n   at NUnit.Framework.Internal.Commands.BeforeAndAfterTestCommand.<>c__DisplayClass1_0.<Execute>b__0()\n   at NUnit.Framework.Internal.Commands.DelegatingTestCommand.RunTestMethodInThreadAbortSafeZone(TestExecutionContext context, Action action)","steps":[{"name":"Given I have a booking with:","time":{"start":1756645232800,"stop":1756645232800,"duration":0},"status":"passed","steps":[],"attachments":[{"uid":"1dfa6b6c055d26c7","name":"Data Table","source":"1dfa6b6c055d26c7.csv","type":"text/csv","size":130}],"parameters":[],"shouldDisplayMessage":false,"stepsCount":0,"attachmentsCount":1,"hasContent":true},{"name":"When I send a create booking request","time":{"start":1756645232800,"stop":1756645233097,"duration":297},"status":"passed","steps":[],"attachments":[],"parameters":[],"shouldDisplayMessage":false,"stepsCount":0,"attachmentsCount":0,"hasContent":false},{"name":"When I send a delete booking request for that ID","time":{"start":1756645233098,"stop":1756645233183,"duration":85},"status":"passed","steps":[],"attachments":[],"parameters":[],"shouldDisplayMessage":false,"stepsCount":0,"attachmentsCount":0,"hasContent":false},{"name":"Then the response status should be 204","time":{"start":1756645233183,"stop":1756645233203,"duration":20},"status":"failed","statusMessage":"  Expected status code 204, but got 201\nAssert.That((int)actual, Is.EqualTo(expected))\n  Expected: 204\n  But was:  201\n","statusTrace":"NUnit.Framework.AssertionException:   Expected status code 204, but got 201\nAssert.That((int)actual, Is.EqualTo(expected))\n  Expected: 204\n  But was:  201\n\n   at NUnit.Framework.Assert.ReportFailure(String message)\n   at NUnit.Framework.Assert.ReportFailure(ConstraintResult result, String message, String actualExpression, String constraintExpression)\n   at NUnit.Framework.Assert.That[TActual](TActual actual, IResolveConstraint expression, FormattableString message, String actualExpression, String constraintExpression)\n   at RestfulBookerTests.Helpers.AssertionHelper.AssertStatusCode(HttpStatusCode actual, Int32 expected) in /home/runner/work/RestfulBookerTests/RestfulBookerTests/Helpers/AssertionHelper.cs:line 11\n   at InvokeStub_Action`2.Invoke(Object, Span`1)\n   at System.Reflection.MethodBaseInvoker.InvokeWithFewArgs(Object obj, BindingFlags invokeAttr, Binder binder, Object[] parameters, CultureInfo culture)\n--- End of stack trace from previous location ---\n   at Reqnroll.Bindings.BindingInvoker.InvokeBindingAsync(IBinding binding, IContextManager contextManager, Object[] arguments, ITestTracer testTracer, DurationHolder durationHolder)\n   at Reqnroll.Infrastructure.TestExecutionEngine.ExecuteStepMatchAsync(BindingMatch match, Object[] arguments, DurationHolder durationHolder)\n   at Reqnroll.Infrastructure.TestExecutionEngine.ExecuteStepAsync(IContextManager contextManager, StepInstance stepInstance)","steps":[],"attachments":[],"parameters":[],"shouldDisplayMessage":true,"stepsCount":0,"attachmentsCount":0,"hasContent":true},{"name":"Then the response time should be less than 500 ms","time":{"start":1756645233203,"stop":1756645233205,"duration":2},"status":"skipped","steps":[],"attachments":[],"parameters":[],"shouldDisplayMessage":false,"stepsCount":0,"attachmentsCount":0,"hasContent":false}],"attachments":[],"parameters":[],"shouldDisplayMessage":false,"stepsCount":5,"attachmentsCount":1,"hasContent":true},"afterStages":[],"labels":[{"name":"host","value":"pkrvmccyg1gnepe"},{"name":"thread","value":"NonParallelWorker"},{"name":"language","value":"C#"},{"name":"framework","value":"Reqnroll"},{"name":"package","value":"Features.Booking Management - Happy Paths"},{"name":"feature","value":"Booking Management - Happy Paths"},{"name":"resultFormat","value":"allure2"}],"parameters":[],"links":[],"hidden":false,"retry":false,"extra":{"severity":"normal","retries":[],"categories":[{"name":"Product defects","matchedStatuses":[],"flaky":false}],"tags":[]},"source":"1ef55fc732d729c1.json","parameterValues":[]}